Arguments: 
  /usr/local/bin/node /usr/local/Cellar/yarn/1.0.1/libexec/bin/yarn.js publish

PATH: 
  /Users/phineas/Downloads/google-cloud-sdk/bin:/Users/phineas/Desktop/dev/sdk/flutter/bin:/Users/phineas/.cargo/bin:/usr/local/bin:/usr/bin:/bin:/usr/sbin:/sbin:/opt/X11/bin:/Library/Apple/usr/bin:/usr/local/go/bin:/usr/local/MacGPG2/bin:/Library/TeX/texbin:/Applications/Wireshark.app/Contents/MacOS:/usr/local/go/bin:/Users/phineas/Desktop/dev/projects/go/bin

Yarn version: 
  1.0.1

Node version: 
  10.15.0

Platform: 
  darwin x64

npm manifest: 
  {
    "name": "nectar-snowflakes",
    "version": "1.0.0",
    "description": "",
    "main": "build/index.js",
    "scripts": {
      "test": "echo \"Error: no test specified\" && exit 1"
    },
    "repository": {
      "type": "git",
      "url": "git+https://github.com/hivenapp/nectar-snowflakes.git"
    },
    "author": "",
    "license": "ISC",
    "bugs": {
      "url": "https://github.com/hivenapp/nectar-snowflakes/issues"
    },
    "homepage": "https://github.com/hivenapp/nectar-snowflakes#readme"
  }

yarn manifest: 
  No manifest

Lockfile: 
  No lockfile

Trace: 
  Error: canceled
      at Interface.<anonymous> (/usr/local/Cellar/yarn/1.0.1/libexec/lib/cli.js:115284:13)
      at Interface.emit (events.js:182:13)
      at Interface._ttyWrite (readline.js:783:16)
      at ReadStream.onkeypress (readline.js:168:10)
      at ReadStream.emit (events.js:182:13)
      at emitKeys (internal/readline.js:424:14)
      at emitKeys.next (<anonymous>)
      at ReadStream.onData (readline.js:1022:36)
      at ReadStream.emit (events.js:182:13)
      at addChunk (_stream_readable.js:283:12)
